make all --print-data-base --no-builtin-variables --no-builtin-rules --question
make: *** No rule to make target 'all'.  Stop.

# GNU Make 4.3
# Built for x86_64-pc-linux-gnu
# Copyright (C) 1988-2020 Free Software Foundation, Inc.
# License GPLv3+: GNU GPL version 3 or later <http://gnu.org/licenses/gpl.html>
# This is free software: you are free to change and redistribute it.
# There is NO WARRANTY, to the extent permitted by law.

# Make data base, printed on Wed Jul  6 11:58:27 2022

# Variables

# environment
GDK_BACKEND = x11
# environment
LC_ALL = C
# environment
GNOME_SHELL_SESSION_MODE = ubuntu
# environment
SSH_AGENT_LAUNCHER = gnome-keyring
# environment
SNAP_INSTANCE_KEY = 
# environment
POSTGRESS_HOST = udagramdb1655121080.cocqdrux33zf.us-east-1.rds.amazonaws.com
# environment
GJS_DEBUG_OUTPUT = stderr
# environment
VSCODE_IPC_HOOK_EXTHOST = /run/user/1000/vscode-ipc-530b5ef9-9da3-4924-95e4-6f0e56f0071f.sock
# environment
LC_NAME = sw_KE
# environment
LC_NUMERIC = sw_KE
# environment
VSCODE_CWD = /home/efuraimujs
# environment
AWS_BUCKET = project3-bucket-1656284691
# environment
NVM_DIR = /home/efuraimujs/.nvm
# environment
LC_ADDRESS = sw_KE
# environment
LIBVIRT_DEFAULT_URI = qemu:///system
# environment
JWT_SECRET = helloworld
# default
MAKE_COMMAND := make
# environment
QT_ACCESSIBILITY = 1
# makefile (from 'Makefile', line 1)
my-cluster = udagram-project-03-cluster
# automatic
@D = $(patsubst %/,%,$(dir $@))
# environment
SNAP_INSTANCE_NAME = code
# environment
AWS_MEDIA_BUCKET = udagrambucket1655121080
# environment
GDK_PIXBUF_MODULEDIR = /snap/code/99/usr/lib/x86_64-linux-gnu/gdk-pixbuf-2.0/2.10.0/loaders
# environment
POSTGRESS_PASSWORD = udagramdb1655121080
# environment
VSCODE_HANDLES_UNCAUGHT_ERRORS = true
# default
.VARIABLES := 
# environment
PWD = /home/efuraimujs/Udagram-Image-Filtering-Microservice-Project-03
# automatic
%D = $(patsubst %/,%,$(dir $%))
# environment
XDG_DATA_DIRS = /usr/share/ubuntu:/usr/local/share/:/usr/share/:/var/lib/snapd/desktop
# automatic
^D = $(patsubst %/,%,$(dir $^))
# environment
VSCODE_LOG_STACK = false
# automatic
%F = $(notdir $%)
# environment
NVM_INC = /home/efuraimujs/.nvm/versions/node/v18.3.0/include/node
# environment
VSCODE_CODE_CACHE_PATH = /home/efuraimujs/.config/Code/CachedData/30d9c6cd9483b2cc586687151bcbcd635f373630
# environment
LANG = C
# environment
XAUTHORITY = /run/user/1000/.mutter-Xwaylandauth.GJZZO1
# default
.LOADED := 
# makefile (from 'Makefile', line 5)
nodename = linux-workers
# default
.INCLUDE_DIRS = /usr/local/include /usr/include /usr/include
# makefile
MAKEFLAGS = pqrR
# environment
KUBECONFIG = :/home/efuraimujs/.kube/config
# makefile
CURDIR := /home/efuraimujs/Udagram-Image-Filtering-Microservice-Project-03
# environment
URL = http://localhost:8100
# environment
VSCODE_PIPE_LOGGING = true
# environment
APPLICATION_INSIGHTS_NO_DIAGNOSTIC_CHANNEL = 1
# environment
LESSOPEN = | /usr/bin/lesspipe %s
# automatic
*D = $(patsubst %/,%,$(dir $*))
# environment
MFLAGS = -pqrR
# environment
SSH_AUTH_SOCK = /run/user/1000/keyring/ssh
# default
.SHELLFLAGS := -c
# environment
NVM_BIN = /home/efuraimujs/.nvm/versions/node/v18.3.0/bin
# environment
WAYLAND_DISPLAY = wayland-0
# environment
XDG_CONFIG_DIRS = /etc/xdg/xdg-ubuntu:/etc/xdg
# automatic
+D = $(patsubst %/,%,$(dir $+))
# environment
XDG_SESSION_DESKTOP = ubuntu
# environment
POSTGRES_PASSWORD = rootpass
# makefile (from 'Makefile', line 1)
MAKEFILE_LIST := Makefile
# environment
SNAP_REEXEC = 
# automatic
@F = $(notdir $@)
# environment
VSCODE_VERBOSE_LOGGING = true
# environment
VSCODE_PID = 11713
# environment
XDG_SESSION_TYPE = wayland
# automatic
?D = $(patsubst %/,%,$(dir $?))
# environment
POSTGRES_USERNAME = root
# environment
BAMF_DESKTOP_FILE_HINT = /var/lib/snapd/desktop/applications/code_code.desktop
# environment
POSTGRESS_USERNAME = rootefuraimujs
# environment
SESSION_MANAGER = local/efuraimujs-virtual-machine:@/tmp/.ICE-unix/1699,unix/efuraimujs-virtual-machine:/tmp/.ICE-unix/1699
# automatic
*F = $(notdir $*)
# makefile (from 'Makefile', line 6)
nodefamily = AmazonLinux2
# environment
AWS_PROFILE = awsprofileName
# environment
CHROME_DESKTOP = code-url-handler.desktop
# environment
DBUS_SESSION_BUS_ADDRESS = unix:path=/run/user/1000/bus
# makefile (from 'Makefile', line 4)
username = project3root
# automatic
<D = $(patsubst %/,%,$(dir $<))
# environment
VSCODE_NLS_CONFIG = {"locale":"en-us","availableLanguages":{},"_languagePackSupport":true}
# default
MAKE_HOST := x86_64-pc-linux-gnu
# environment
GNOME_DESKTOP_SESSION_ID = this-is-deprecated
# makefile
SHELL = /bin/sh
# default
MAKECMDGOALS := all
# environment
XMODIFIERS = @im=ibus
# environment
GJS_DEBUG_TOPICS = JS ERROR;JS LOG
# environment
SHLVL = 0
# environment
MAKELEVEL := 0
# environment
IM_CONFIG_CHECK_ENV = 1
# environment
account_id = 622716018274
# default
MAKE = $(MAKE_COMMAND)
# environment
SNAP_COOKIE = _VNYMa0oyaa45Hg2ul7KDkOP3iQhubtqpHuSzz9uQezKg4VglJWk
# environment
PATH = /home/efuraimujs/.local/bin:/home/efuraimujs/bin:/home/efuraimujs/.nvm/versions/node/v18.3.0/bin:/home/efuraimujs/.local/bin:/home/efuraimujs/bin:/usr/local/sbin:/usr/local/bin:/usr/sbin:/usr/bin:/sbin:/bin:/usr/games:/usr/local/games:/snap/bin:/snap/bin:/home/efuraimujs/bin
# default
MAKEFILES := 
# environment
LC_MONETARY = sw_KE
# automatic
^F = $(notdir $^)
# environment
SNAP_USER_COMMON = /home/efuraimujs/snap/code/common
# makefile (from 'Makefile', line 2)
cluster-region = us-east-1
# environment
LC_TIME = sw_KE
# environment
SNAP = /snap/code/99
# environment
INVOCATION_ID = 2aabd35f26774b568f60fe1db579b3d3
# environment
SNAP_REVISION = 99
# environment
SNAP_REAL_HOME = /home/efuraimujs
# environment
VSCODE_LOG_NATIVE = false
# environment
USERNAME = efuraimujs
# environment
POSTGRES_HOST = project3-db-1656284691.cocqdrux33zf.us-east-1.rds.amazonaws.com
# environment
GNOME_SETUP_DISPLAY = :1
# environment
AWS_REGION = us-east-1
# environment
LC_TELEPHONE = sw_KE
# environment
LESSCLOSE = /usr/bin/lesspipe %s %s
# automatic
?F = $(notdir $?)
# environment
XDG_CURRENT_DESKTOP = Unity
# environment
LS_COLORS = 
# automatic
+F = $(notdir $+)
# environment
DESKTOP_SESSION = ubuntu
# environment
ORIGINAL_XDG_CURRENT_DESKTOP = ubuntu:GNOME
# 'override' directive
GNUMAKEFLAGS := 
# environment
POSTGRES_DB = postgres
# environment
LOGNAME = efuraimujs
# environment
GIO_LAUNCHED_DESKTOP_FILE = /var/lib/snapd/desktop/applications/code_code.desktop
# environment
SNAP_ARCH = amd64
# makefile
.DEFAULT_GOAL := create_cluster
# environment
SYSTEMD_EXEC_PID = 1719
# makefile (from 'Makefile', line 3)
arn = arn:aws:iam::744555430390:user/com.etbf.project3root
# environment
DISPLAY = :0
# environment
USER = efuraimujs
# environment
GTK_MODULES = gail:atk-bridge
# default
MAKE_VERSION := 4.3
# environment
cluster_name = hello-world-v5
# environment
DISABLE_WAYLAND = 1
# environment
SNAP_DATA = /var/snap/code/99
# environment
SNAP_CONTEXT = _VNYMa0oyaa45Hg2ul7KDkOP3iQhubtqpHuSzz9uQezKg4VglJWk
# environment
POSTGRESS_DATABASE = udagramdb1655121080
# environment
MANAGERPID = 1400
# environment
LC_MEASUREMENT = sw_KE
# environment
GIO_LAUNCHED_DESKTOP_FILE_PID = 11664
# environment
_ = /snap/code/99/usr/share/code/code
# environment
LC_PAPER = sw_KE
# environment
 
XDG_RUNTIME_DIR = /run/user/1000
# environment
GDK_PIXBUF_MODULE_FILE = /home/efuraimujs/snap/code/common/.cache/gdk-pixbuf-loaders.cache
# environment
NVM_CD_FLAGS = 
# environment
JOURNAL_STREAM = 8:56383
# environment
XDG_SESSION_CLASS = user
# environment
VSCODE_AMD_ENTRYPOINT = vs/workbench/api/node/extensionHostProcess
# environment
HOME = /home/efuraimujs
# environment
QT_IM_MODULE = ibus
# environment
ELECTRON_RUN_AS_NODE = 1
# environment
VSCODE_IPC_HOOK = /run/user/1000/vscode-33e8b9d3-1.68.1-main.sock
# environment
SNAP_NAME = code
# environment
GSETTINGS_SCHEMA_DIR = /snap/code/99/usr/share/glib-2.0/schemas
# environment
IM_CONFIG_PHASE = 1
# default
.RECIPEPREFIX := 
# automatic
<F = $(notdir $<)
# environment
SNAP_VERSION = 30d9c6cd
# environment
region_code = us-east-1
# default
SUFFIXES := 
# environment
VSCODE_CLI = 1
# environment
ELECTRON_NO_ATTACH_CONSOLE = 1
# environment
SNAP_COMMON = /var/snap/code/common
# default
.FEATURES := target-specific order-only second-expansion else-if shortest-stem undefine oneshell nocomment grouped-target extra-prereqs archives jobserver output-sync check-symlink load
# environment
SNAP_USER_DATA = /home/efuraimujs/snap/code/99
# environment
XDG_MENU_PREFIX = gnome-
# environment
GDMSESSION = ubuntu
# environment
LC_IDENTIFICATION = sw_KE
# environment
SNAP_LIBRARY_PATH = /var/lib/snapd/lib/gl:/var/lib/snapd/lib/gl32:/var/lib/snapd/void
# variable set hash-table stats:
# Load=160/1024=16%, Rehash=0, Collisions=9/190=5%

# Pattern-specific Variable Values

# No pattern-specific variable values.

# Directories

# . (device 2051, inode 524652): 16 files, no impossibilities.

# 16 files, no impossibilities in 1 directories.

# Implicit Rules

# No implicit rules.

# Files

set_context:
#  Implicit rule search has not been done.
#  Modification time never checked.
#  File has not been updated.
#  recipe to execute (from 'Makefile', line 24):
	eksctl utils write-kubeconfig \
	--cluster=$(my-cluster) \
	--set-kubeconfig-context=true

delete_cluster:
#  Implicit rule search has not been done.
#  Modification time never checked.
#  File has not been updated.
#  recipe to execute (from 'Makefile', line 18):
	eksctl delete cluster --name $(my-cluster) \
	--region=$(cluster-region) \
	--wait

edit_aws-auth:
#  Implicit rule search has not been done.
#  Modification time never checked.
#  File has not been updated.
#  recipe to execute (from 'Makefile', line 42):
	kubectl edit configmap aws-auth -n kube-system

create_cluster:
#  Implicit rule search has not been done.
#  Modification time never checked.
#  File has not been updated.
#  recipe to execute (from 'Makefile', line 9):
	eksctl create cluster --name $(my-cluster) \
	--nodegroup-name $(nodename) \
	--region=$(cluster-region) \
	--nodes-min=2 \
	--nodes-max=3 \
	--asg-access \
	--node-ami-family=$(nodefamily)

describe_aws-auth:
#  Implicit rule search has not been done.
#  Modification time never checked.
#  File has not been updated.
#  recipe to execute (from 'Makefile', line 45):
	kubectl describe -n kube-system configmap/aws-auth

# Not a target:
Makefile:
#  Implicit rule search has been done.
#  Last modified 2022-07-06 03:28:52.354756437
#  File has been updated.
#  Successfully updated.

destroy_all:
#  Implicit rule search has not been done.
#  Modification time never checked.
#  File has not been updated.
#  recipe to execute (from 'Makefile', line 68):
	kubectl delete -f aws-secret.yaml \
	-f env-configmap.yaml \
	-f env-secret.yaml \
	-f backend-feed-deployment.yaml \
	-f backend-feed-service.yaml \
	-f backend-user-deployment.yaml \
	-f backend-user-service.yaml \
	-f reverseproxy-deployment.yaml \
	-f reverseproxy-service.yaml \
	-f frontend-deployment.yaml \
	-f frontend-service.yaml

deploy_all:
#  Implicit rule search has not been done.
#  Modification time never checked.
#  File has not been updated.
#  recipe to execute (from 'Makefile', line 52):
	kubectl apply -f aws-secret.yaml \
	-f env-configmap.yaml \
	-f env-secret.yaml \
	-f backend-feed-deployment.yaml \
	-f backend-feed-service.yaml \
	-f backend-user-deployment.yaml \
	-f backend-user-service.yaml \
	-f reverseproxy-deployment.yaml \
	-f reverseproxy-service.yaml \
	-f frontend-deployment.yaml 
	-f frontend-service.yaml

update_kubeconfig:
#  Implicit rule search has not been done.
#  Modification time never checked.
#  File has not been updated.
#  recipe to execute (from 'Makefile', line 38):
	aws eks --region=$(cluster-region) update-kubeconfig \
	--name $(my-cluster)

pods:
#  Implicit rule search has not been done.
#  Modification time never checked.
#  File has not been updated.
#  recipe to execute (from 'Makefile', line 65):
	kubectl get pods

# Not a target:
.DEFAULT:
#  Implicit rule search has not been done.
#  Modification time never checked.
#  File has not been updated.

# Not a target:
all:
#  Command line target.
#  Implicit rule search has been done.
#  File does not exist.
#  File has not been updated.

describe_stacks:
#  Implicit rule search has not been done.
#  Modification time never checked.
#  File has not been updated.
#  recipe to execute (from 'Makefile', line 48):
	eksctl utils describe-stacks --region=us-east-1 \
	--cluster=$(my-cluster)

create_iamidentitymapping:
#  Implicit rule search has not been done.
#  Modification time never checked.
#  File has not been updated.
#  recipe to execute (from 'Makefile', line 29):
	eksctl create iamidentitymapping \
	--username $(username) \
    --cluster $(my-cluster) \
    --region=$(cluster-region) \
    --arn $(arn) \
	--group system:masters \
    --no-duplicate-arns

# files hash-table stats:
# Load=15/1024=1%, Rehash=0, Collisions=0/25=0%
# VPATH Search Paths

# No 'vpath' search paths.

# No general ('VPATH' variable) search path.

# strcache buffers: 1 (0) / strings = 32 / storage = 417 B / avg = 13 B
# current buf: size = 8162 B / used = 417 B / count = 32 / avg = 13 B

# strcache performance: lookups = 47 / hit rate = 31%
# hash-table stats:
# Load=32/8192=0%, Rehash=0, Collisions=0/47=0%
# Finished Make data base on Wed Jul  6 11:58:27 2022

 
